Removed Pin From Net: NetName=DO1 Pin=P4-1
Removed Pin From Net: NetName=DO2 Pin=P4-2
Removed Pin From Net: NetName=DO4 Pin=P4-4
Removed Pin From Net: NetName=DO5 Pin=P4-5
Removed Pin From Net: NetName=DO6 Pin=P5-1
Removed Pin From Net: NetName=DO7 Pin=P5-2
Removed Pin From Net: NetName=DO9 Pin=P5-4
Removed Pin From Net: NetName=GND_CL Pin=P5-5
Added Pin To Net: NetName=DO5 Pin=P4-1
Added Pin To Net: NetName=DO4 Pin=P4-2
Added Pin To Net: NetName=DO2 Pin=P4-4
Added Pin To Net: NetName=DO1 Pin=P4-5
Added Pin To Net: NetName=GND_CL Pin=P5-1
Added Pin To Net: NetName=DO9 Pin=P5-2
Added Pin To Net: NetName=DO7 Pin=P5-4
Added Pin To Net: NetName=DO6 Pin=P5-5
Added Member To Class: ClassName=U_D_OUTPUT Member=Component P5 CON 5 EDG5.08
Added Room: Name=Mach_PLC
Added Room: Name=U_A_INPUT
Added Room: Name=U_BUCK CONVERTER
Added Room: Name=U_D_INPUT
Added Room: Name=U_D_OUTPUT
Added Room: Name=U_ESP8266
Added Room: Name=U_PWM_OUTPUT
Added Room: Name=U_RS232
Added Room: Name=U_RS485
