Removed Pin From Net: NetName=DO5 Pin=P4-1
Removed Pin From Net: NetName=DO4 Pin=P4-2
Removed Pin From Net: NetName=DO2 Pin=P4-4
Removed Pin From Net: NetName=DO1 Pin=P4-5
Removed Pin From Net: NetName=GND_CL Pin=P5-1
Removed Pin From Net: NetName=DO9 Pin=P5-2
Removed Pin From Net: NetName=DO7 Pin=P5-4
Removed Pin From Net: NetName=DO6 Pin=P5-5
Removed Pin From Net: NetName=DO_1 Pin=U1-31
Removed Pin From Net: NetName=DO_2 Pin=U1-32
Removed Pin From Net: NetName=DO_3 Pin=U1-33
Removed Pin From Net: NetName=DO_4 Pin=U1-34
Removed Pin From Net: NetName=DO_5 Pin=U1-35
Removed Pin From Net: NetName=DO_6 Pin=U1-36
Removed Pin From Net: NetName=DO_7 Pin=U1-37
Removed Pin From Net: NetName=DO_8 Pin=U1-38
Removed Pin From Net: NetName=DO_9 Pin=U1-39
Change Component Designator: OldDesignator=C14 NewDesignator=C13
Change Component Designator: OldDesignator=C15 NewDesignator=C14
Change Component Designator: OldDesignator=C16 NewDesignator=C15
Change Component Designator: OldDesignator=C17 NewDesignator=C16
Change Component Designator: OldDesignator=C18 NewDesignator=C17
Change Component Designator: OldDesignator=C19 NewDesignator=C18
Change Component Designator: OldDesignator=C20 NewDesignator=C19
Change Component Designator: OldDesignator=C21 NewDesignator=C20
Change Component Designator: OldDesignator=R5 NewDesignator=R4
Change Component Designator: OldDesignator=R6 NewDesignator=R5
Change Component Designator: OldDesignator=R7 NewDesignator=R6
Change Component Designator: OldDesignator=R8 NewDesignator=R7
Change Component Designator: OldDesignator=R9 NewDesignator=R8
Change Component Designator: OldDesignator=R10 NewDesignator=R9
Change Component Designator: OldDesignator=R11 NewDesignator=R10
Change Component Designator: OldDesignator=R12 NewDesignator=R11
Change Component Designator: OldDesignator=R13 NewDesignator=R12
Change Component Designator: OldDesignator=R14 NewDesignator=R13
Change Component Designator: OldDesignator=R15 NewDesignator=R14
Change Component Designator: OldDesignator=R16 NewDesignator=R15
Change Component Designator: OldDesignator=R17 NewDesignator=R16
Change Component Designator: OldDesignator=R18 NewDesignator=R17
Change Component Designator: OldDesignator=R19 NewDesignator=R18
Change Component Designator: OldDesignator=R20 NewDesignator=R19
Change Component Designator: OldDesignator=R21 NewDesignator=R20
Change Component Designator: OldDesignator=R22 NewDesignator=R21
Change Component Designator: OldDesignator=R23 NewDesignator=R22
Change Component Designator: OldDesignator=R24 NewDesignator=R23
Change Component Designator: OldDesignator=R25 NewDesignator=R24
Change Component Designator: OldDesignator=R26 NewDesignator=R25
Change Component Designator: OldDesignator=R27 NewDesignator=R26
Change Component Designator: OldDesignator=R28 NewDesignator=R27
Change Component Designator: OldDesignator=R29 NewDesignator=R28
Change Component Designator: OldDesignator=R30 NewDesignator=R29
Change Component Designator: OldDesignator=R31 NewDesignator=R30
Change Component Designator: OldDesignator=R32 NewDesignator=R31
Change Component Designator: OldDesignator=R33 NewDesignator=R32
Change Component Designator: OldDesignator=R34 NewDesignator=R33
Change Component Designator: OldDesignator=R35 NewDesignator=R34
Change Component Designator: OldDesignator=R36 NewDesignator=R35
Change Component Designator: OldDesignator=R37 NewDesignator=R36
Change Component Designator: OldDesignator=R38 NewDesignator=R37
Change Component Designator: OldDesignator=R39 NewDesignator=R38
Change Component Designator: OldDesignator=R40 NewDesignator=R39
Change Component Designator: OldDesignator=R41 NewDesignator=R40
Change Component Designator: OldDesignator=R42 NewDesignator=R41
Change Component Designator: OldDesignator=R43 NewDesignator=R42
Change Component Designator: OldDesignator=R44 NewDesignator=R43
Change Component Designator: OldDesignator=R45 NewDesignator=R44
Change Component Designator: OldDesignator=R46 NewDesignator=R45
Change Component Designator: OldDesignator=R47 NewDesignator=R46
Change Component Designator: OldDesignator=R48 NewDesignator=R47
Change Component Designator: OldDesignator=R49 NewDesignator=R48
Change Component Designator: OldDesignator=R50 NewDesignator=R49
Change Component Designator: OldDesignator=R51 NewDesignator=R50
Change Component Designator: OldDesignator=R52 NewDesignator=R51
Change Component Designator: OldDesignator=R53 NewDesignator=R52
Change Component Designator: OldDesignator=R54 NewDesignator=R53
Change Component Designator: OldDesignator=R55 NewDesignator=R54
Change Component Designator: OldDesignator=R56 NewDesignator=R55
Change Component Designator: OldDesignator=R57 NewDesignator=R56
Change Component Designator: OldDesignator=R58 NewDesignator=R57
Change Component Designator: OldDesignator=R59 NewDesignator=R58
Change Component Designator: OldDesignator=R60 NewDesignator=R59
Change Component Designator: OldDesignator=R61 NewDesignator=R60
Added Pin To Net: NetName=DO1 Pin=P4-1
Added Pin To Net: NetName=DO2 Pin=P4-2
Added Pin To Net: NetName=DO4 Pin=P4-4
Added Pin To Net: NetName=DO5 Pin=P4-5
Added Pin To Net: NetName=DO6 Pin=P5-1
Added Pin To Net: NetName=DO7 Pin=P5-2
Added Pin To Net: NetName=DO9 Pin=P5-4
Added Pin To Net: NetName=GND_CL Pin=P5-5
Added Pin To Net: NetName=DO_1 Pin=U1-33
Added Pin To Net: NetName=DO_2 Pin=U1-34
Added Pin To Net: NetName=DO_3 Pin=U1-35
Added Pin To Net: NetName=DO_4 Pin=U1-36
Added Pin To Net: NetName=DO_5 Pin=U1-37
Added Pin To Net: NetName=DO_6 Pin=U1-38
Added Pin To Net: NetName=DO_7 Pin=U1-39
Added Pin To Net: NetName=DO_8 Pin=U1-40
Added Pin To Net: NetName=DO_9 Pin=U1-41
Change Net Name : Old Net Name=NetC14_1 New Net Name=NetC13_1
Change Net Name : Old Net Name=NetC15_1 New Net Name=NetC14_1
Change Net Name : Old Net Name=NetR8_1 New Net Name=NetR7_1
Change Net Name : Old Net Name=NetR9_1 New Net Name=NetR8_1
Change Net Name : Old Net Name=NetR10_1 New Net Name=NetR9_1
Change Net Name : Old Net Name=NetR14_1 New Net Name=NetR13_1
Change Net Name : Old Net Name=NetR15_1 New Net Name=NetR14_1
Change Net Name : Old Net Name=NetR16_1 New Net Name=NetR15_1
Change Net Name : Old Net Name=NetR20_1 New Net Name=NetR19_1
Change Net Name : Old Net Name=NetR21_1 New Net Name=NetR20_1
Change Net Name : Old Net Name=NetR22_1 New Net Name=NetR21_1
Change Net Name : Old Net Name=NetR26_1 New Net Name=NetR25_1
Change Net Name : Old Net Name=NetR27_1 New Net Name=NetR26_1
Change Net Name : Old Net Name=NetR28_1 New Net Name=NetR27_1
Change Net Name : Old Net Name=NetR36_2 New Net Name=NetR35_2
Change Net Name : Old Net Name=NetR37_2 New Net Name=NetR36_2
Change Net Name : Old Net Name=NetR38_2 New Net Name=NetR37_2
Change Net Name : Old Net Name=NetR42_2 New Net Name=NetR41_2
Change Net Name : Old Net Name=NetR43_2 New Net Name=NetR42_2
Change Net Name : Old Net Name=NetR44_2 New Net Name=NetR43_2
Change Net Name : Old Net Name=NetR47_2 New Net Name=NetR46_2
Change Net Name : Old Net Name=NetR49_2 New Net Name=NetR48_2
Change Net Name : Old Net Name=NetR50_2 New Net Name=NetR49_2
