Removed Pin From Net: NetName=3.3V Pin=R58-1
Removed Pin From Net: NetName=RST Pin=R58-2
Change Component Designator: OldDesignator=24V NewDesignator=P8
Change Component Designator: OldDesignator=C14 NewDesignator=C13
Change Component Designator: OldDesignator=C15 NewDesignator=C14
Change Component Designator: OldDesignator=C16 NewDesignator=C18
Change Component Designator: OldDesignator=C17 NewDesignator=C19
Change Component Designator: OldDesignator=C18 NewDesignator=C20
Change Component Designator: OldDesignator=C19 NewDesignator=C21
Change Component Designator: OldDesignator=C20 NewDesignator=C22
Change Component Designator: OldDesignator=GNDCL NewDesignator=P5
Change Component Designator: OldDesignator=R59 NewDesignator=R58
Change Component Designator: OldDesignator=SWDIO NewDesignator=JP1
Added Component: Designator=BT3(Nut Nhan 2 Chan SMD 3x6x2.5)
Add component (AddParameter): Name = "Ma_Hang"; Value = "MH001036"; VariantName = "[No Variations]"
Add component (AddParameter): Name = "Ten"; Value = "Nút Nh?n 2 Chân 3x6x2.5MM SMD"; VariantName = "[No Variations]"
Added Component: Designator=C15(tu tantalum smd3216)
Add component (AddParameter): Name = "Chung_Loai"; Value = "Dán"; VariantName = "[No Variations]"
Add component (AddParameter): Name = "Don_Vi"; Value = "Con"; VariantName = "[No Variations]"
Add component (AddParameter): Name = "Kieu_Chan"; Value = ""; VariantName = "[No Variations]"
Add component (AddParameter): Name = "Ma_Hang"; Value = "MH001954"; VariantName = "[No Variations]"
Add component (AddParameter): Name = "So_Chan"; Value = "2"; VariantName = "[No Variations]"
Add component (AddParameter): Name = "Ten_Linh_Kien"; Value = "T? tantalum 106C-10uF 16V SMD3216"; VariantName = "[No Variations]"
Added Component: Designator=C16(tu 0603)
Add component (AddParameter): Name = "Chung_Loai"; Value = "Dán"; VariantName = "[No Variations]"
Add component (AddParameter): Name = "Don_Vi"; Value = "Con"; VariantName = "[No Variations]"
Add component (AddParameter): Name = "Kieu_Chan"; Value = ""; VariantName = "[No Variations]"
Add component (AddParameter): Name = "Ma_Hang"; Value = "MH004568"; VariantName = "[No Variations]"
Add component (AddParameter): Name = "So_Chan"; Value = "2"; VariantName = "[No Variations]"
Add component (AddParameter): Name = "Ten_Linh_Kien"; Value = "T? 0603 104-100nF 10% 50V"; VariantName = "[No Variations]"
Added Component: Designator=C17(tu 0603)
Add component (AddParameter): Name = "Chung_Loai"; Value = "Dán"; VariantName = "[No Variations]"
Add component (AddParameter): Name = "Don_Vi"; Value = "Con"; VariantName = "[No Variations]"
Add component (AddParameter): Name = "Kieu_Chan"; Value = ""; VariantName = "[No Variations]"
Add component (AddParameter): Name = "Ma_Hang"; Value = "MH004568"; VariantName = "[No Variations]"
Add component (AddParameter): Name = "So_Chan"; Value = "2"; VariantName = "[No Variations]"
Add component (AddParameter): Name = "Ten_Linh_Kien"; Value = "T? 0603 104-100nF 10% 50V"; VariantName = "[No Variations]"
Added Component: Designator=JP2(JP 1x4 DT)
Add component (AddParameter): Name = "Chung_Loai"; Value = "C?m"; VariantName = "[No Variations]"
Add component (AddParameter): Name = "Don_Vi"; Value = "Con"; VariantName = "[No Variations]"
Add component (AddParameter): Name = "Ghi_Chu"; Value = ""; VariantName = "[No Variations]"
Add component (AddParameter): Name = "Kieu_Chan"; Value = ""; VariantName = "[No Variations]"
Add component (AddParameter): Name = "Ma_Hang"; Value = "MH000903"; VariantName = "[No Variations]"
Add component (AddParameter): Name = "Ten_Linh_Kien"; Value = "Jump Đon Đ?c 2.54MM 1x40P Th?ng 11MM"; VariantName = "[No Variations]"
Added Component: Designator=R59(tro smd 0805)
Add component (AddParameter): Name = "Chung_Loai"; Value = "Dán"; VariantName = "[No Variations]"
Add component (AddParameter): Name = "Don_Vi"; Value = "Con"; VariantName = "[No Variations]"
Add component (AddParameter): Name = "Kieu_Chan"; Value = ""; VariantName = "[No Variations]"
Add component (AddParameter): Name = "Ma_Hang"; Value = "MH005239"; VariantName = "[No Variations]"
Add component (AddParameter): Name = "So_Chan"; Value = "2"; VariantName = "[No Variations]"
Add component (AddParameter): Name = "Ten_Linh_Kien"; Value = "Tr? 0805 5% 10k"; VariantName = "[No Variations]"
Added Pin To Net: NetName=3.3V Pin=BT2-2
Added Pin To Net: NetName=GND Pin=BT3-1
Added Pin To Net: NetName=RST Pin=BT3-2
Added Pin To Net: NetName=3.3V Pin=C2-2
Added Pin To Net: NetName=3.3V Pin=C15-1
Added Pin To Net: NetName=GND Pin=C15-2
Added Pin To Net: NetName=3.3V Pin=C16-1
Added Pin To Net: NetName=GND Pin=C16-2
Added Pin To Net: NetName=GND Pin=C17-1
Added Pin To Net: NetName=RST Pin=C17-2
Added Pin To Net: NetName=GND Pin=JP2-1
Added Pin To Net: NetName=ESP_RX Pin=JP2-2
Added Pin To Net: NetName=ESP_TX Pin=JP2-3
Added Pin To Net: NetName=3.3V Pin=JP2-4
Added Pin To Net: NetName=RST Pin=R59-1
Added Pin To Net: NetName=3.3V Pin=R59-2
Added Pin To Net: NetName=3.3V Pin=U1-14
Change Net Name : Old Net Name=NetC14_1 New Net Name=NetC13_1
Change Net Name : Old Net Name=NetC15_1 New Net Name=NetC14_1
Added Member To Class: ClassName=U_ESP8266 Member=Component BT3 Nut Nhan 2 Chan SMD 3x6x2.5
Added Member To Class: ClassName=U_ESP8266 Member=Component C15 10uF
Added Member To Class: ClassName=U_ESP8266 Member=Component C16 104
Added Member To Class: ClassName=U_ESP8266 Member=Component C17 104
Added Member To Class: ClassName=U_ESP8266 Member=Component JP2 JP 1x4 2.54
Added Member To Class: ClassName=U_D_INPUT Member=Component P1 CON 5 EDG5.08
Added Member To Class: ClassName=U_D_INPUT Member=Component P2 CON 8 EDG5.08
Added Member To Class: ClassName=U_A_INPUT Member=Component P3 CON 3 EDG5.08
Added Member To Class: ClassName=U_D_OUTPUT Member=Component P4 CON 5 EDG5.08
Added Member To Class: ClassName=U_PWM_OUTPUT Member=Component P6 CON 3 EDG5.08
Added Member To Class: ClassName=U_RS485 Member=Component P7 CON 4 EDG5.08
Added Member To Class: ClassName=U_BUCK CONVERTER Member=Component U24 LM2576HVS 5.0V SMD
