Removed Pin From Net: NetName=DO5 Pin=P4-1
Removed Pin From Net: NetName=DO4 Pin=P4-2
Removed Pin From Net: NetName=DO3 Pin=P4-3
Removed Pin From Net: NetName=DO2 Pin=P4-4
Removed Pin From Net: NetName=DO1 Pin=P4-5
Removed Pin From Net: NetName=GND_CL Pin=P5-1
Removed Pin From Net: NetName=DO9 Pin=P5-2
Removed Pin From Net: NetName=DO8 Pin=P5-3
Removed Pin From Net: NetName=DO7 Pin=P5-4
Removed Pin From Net: NetName=DO6 Pin=P5-5
Removed Member From Class: ClassName=U_D_OUTPUT Member=P4
Removed Member From Class: ClassName=U_D_OUTPUT Member=P5
Added Component: Designator=P?(CON 5 5EDG5.08)
Add component (AddParameter): Name = "Chung_Loai"; Value = "C?m"; VariantName = "[No Variations]"
Add component (AddParameter): Name = "Don_Vi"; Value = "Con"; VariantName = "[No Variations]"
Add component (AddParameter): Name = "Ghi_Chu"; Value = ""; VariantName = "[No Variations]"
Add component (AddParameter): Name = "Kieu_Chan"; Value = ""; VariantName = "[No Variations]"
Add component (AddParameter): Name = "Ma_Hang"; Value = "MH003589"; VariantName = "[No Variations]"
Add component (AddParameter): Name = "Ten_Linh_Kien"; Value = "CON 5 2EDG5.08-5P 5.08MM ( Xanh Cong)"; VariantName = "[No Variations]"
Added Component: Designator=P?(CON 5 5EDG5.08)
Add component (AddParameter): Name = "Chung_Loai"; Value = "C?m"; VariantName = "[No Variations]"
Add component (AddParameter): Name = "Don_Vi"; Value = "Con"; VariantName = "[No Variations]"
Add component (AddParameter): Name = "Ghi_Chu"; Value = ""; VariantName = "[No Variations]"
Add component (AddParameter): Name = "Kieu_Chan"; Value = ""; VariantName = "[No Variations]"
Add component (AddParameter): Name = "Ma_Hang"; Value = "MH003589"; VariantName = "[No Variations]"
Add component (AddParameter): Name = "Ten_Linh_Kien"; Value = "CON 5 2EDG5.08-5P 5.08MM ( Xanh Cong)"; VariantName = "[No Variations]"
Added Pin To Net: NetName=DO1 Pin=P?-1
Added Pin To Net: NetName=DO6 Pin=P?-1
Added Pin To Net: NetName=DO2 Pin=P?-2
Added Pin To Net: NetName=DO7 Pin=P?-2
Added Pin To Net: NetName=DO3 Pin=P?-3
Added Pin To Net: NetName=DO8 Pin=P?-3
Added Pin To Net: NetName=DO4 Pin=P?-4
Added Pin To Net: NetName=DO9 Pin=P?-4
Added Pin To Net: NetName=DO5 Pin=P?-5
Added Pin To Net: NetName=GND_CL Pin=P?-5
Added Member To Class: ClassName=U_D_OUTPUT Member=Component P? CON 5 EDG5.08
Added Member To Class: ClassName=U_D_OUTPUT Member=Component P? CON 5 EDG5.08
