Removed Pin From Net: NetName=DO_9 Pin=U1-54
Removed Pin From Net: NetName=DO_8 Pin=U1-55
Removed Pin From Net: NetName=DO_7 Pin=U1-56
Removed Pin From Net: NetName=DO_6 Pin=U1-57
Removed Pin From Net: NetName=DO_5 Pin=U1-58
Removed Pin From Net: NetName=DO_4 Pin=U1-59
Removed Pin From Net: NetName=DO_3 Pin=U1-60
Removed Pin From Net: NetName=DO_2 Pin=U1-61
Removed Pin From Net: NetName=DO_1 Pin=U1-62
Added Pin To Net: NetName=DO_1 Pin=U1-31
Added Pin To Net: NetName=DO_2 Pin=U1-32
Added Pin To Net: NetName=DO_3 Pin=U1-33
Added Pin To Net: NetName=DO_4 Pin=U1-34
Added Pin To Net: NetName=DO_5 Pin=U1-35
Added Pin To Net: NetName=DO_6 Pin=U1-36
Added Pin To Net: NetName=DO_7 Pin=U1-37
Added Pin To Net: NetName=DO_8 Pin=U1-38
Added Pin To Net: NetName=DO_9 Pin=U1-39
Added Member To Class: ClassName=U_A_INPUT Member=Component IC1 LM358 SOP8
Added Member To Class: ClassName=U_D_INPUT Member=Component P1 CON 5 EDG5.08
Added Member To Class: ClassName=U_D_INPUT Member=Component P2 CON 8 EDG5.08
Added Member To Class: ClassName=U_BUCK CONVERTER Member=Component P8 CON 2 EDG5.08
Added Room: Name=Mach_PLC
Added Room: Name=U_A_INPUT
Added Room: Name=U_BUCK CONVERTER
Added Room: Name=U_D_INPUT
Added Room: Name=U_D_OUTPUT
Added Room: Name=U_ESP8266
Added Room: Name=U_PWM_OUTPUT
Added Room: Name=U_RS232
Added Room: Name=U_RS485
