Removed Pin From Net: NetName=IN8 Pin=P1-1
Removed Pin From Net: NetName=IN7 Pin=P1-2
Removed Pin From Net: NetName=IN6 Pin=P1-3
Removed Pin From Net: NetName=IN5 Pin=P1-4
Removed Pin From Net: NetName=IN4 Pin=P1-5
Removed Pin From Net: NetName=IN3 Pin=P1-6
Removed Pin From Net: NetName=IN2 Pin=P1-7
Removed Pin From Net: NetName=IN1 Pin=P1-8
Removed Pin From Net: NetName=GND_CL Pin=P2-1
Removed Pin From Net: NetName=IN12 Pin=P2-2
Removed Pin From Net: NetName=IN11 Pin=P2-3
Removed Pin From Net: NetName=IN10 Pin=P2-4
Removed Pin From Net: NetName=IN9 Pin=P2-5
Change Component Footprint: Designator=P2 Old Footprint=CON 5 5EDG5.08 New Footprint=CON 8 8EDG5.08
Change Component Footprint: Designator=P1 Old Footprint=CON 8 8EDG5.08 New Footprint=CON 5 5EDG5.08
Change Component Comment : Designator=P2 Old Comment=CON 5 EDG5.08 New Comment=CON 8 EDG5.08
Change Component Comment : Designator=P1 Old Comment=CON 8 EDG5.08 New Comment=CON 5 EDG5.08
Change component parameters: Designator = "P1" ("P1"); Footprint = "CON 8 8EDG5.08"; UniqueID = "\RDLBBKDG\DEDUINXR" ("\RDLBBKDG\DEDUINXR")
Change component parameters (AddParameter): Name = "Chung_Loai"; Value = "C?m"; VariantName = "[No Variations]"
Change component parameters (AddParameter): Name = "Don_Vi"; Value = "Con"; VariantName = "[No Variations]"
Change component parameters (AddParameter): Name = "Ghi_Chu"; Value = ""; VariantName = "[No Variations]"
Change component parameters (AddParameter): Name = "Kieu_Chan"; Value = ""; VariantName = "[No Variations]"
Change component parameters (AddParameter): Name = "Ma_Hang"; Value = "MH003589"; VariantName = "[No Variations]"
Change component parameters (AddParameter): Name = "Ten_Linh_Kien"; Value = "CON 5 2EDG5.08-5P 5.08MM ( Xanh Cong)"; VariantName = "[No Variations]"
Change component parameters: Designator = "P2" ("P2"); Footprint = "CON 5 5EDG5.08"; UniqueID = "\RDLBBKDG\KCOCBFSU" ("\RDLBBKDG\KCOCBFSU")
Change component parameters (AddParameter): Name = "Chung_Loai"; Value = "C?m"; VariantName = "[No Variations]"
Change component parameters (AddParameter): Name = "Don_Vi"; Value = "Con"; VariantName = "[No Variations]"
Change component parameters (AddParameter): Name = "Ghi_Chu"; Value = ""; VariantName = "[No Variations]"
Change component parameters (AddParameter): Name = "Kieu_Chan"; Value = ""; VariantName = "[No Variations]"
Change component parameters (AddParameter): Name = "Ma_Hang"; Value = "MH000978"; VariantName = "[No Variations]"
Change component parameters (AddParameter): Name = "Ten_Linh_Kien"; Value = "CON 8 2EDG5.08-8P 5.08MM ( Xanh Cong)"; VariantName = "[No Variations]"
Added Pin To Net: NetName=IN9 Pin=P1-1
Added Pin To Net: NetName=IN10 Pin=P1-2
Added Pin To Net: NetName=IN11 Pin=P1-3
Added Pin To Net: NetName=IN12 Pin=P1-4
Added Pin To Net: NetName=GND_CL Pin=P1-5
Added Pin To Net: NetName=IN1 Pin=P2-1
Added Pin To Net: NetName=IN2 Pin=P2-2
Added Pin To Net: NetName=IN3 Pin=P2-3
Added Pin To Net: NetName=IN4 Pin=P2-4
Added Pin To Net: NetName=IN5 Pin=P2-5
Added Pin To Net: NetName=IN6 Pin=P2-6
Added Pin To Net: NetName=IN7 Pin=P2-7
Added Pin To Net: NetName=IN8 Pin=P2-8
Added Room: Name=Mach_PLC
Added Room: Name=U_A_INPUT
Added Room: Name=U_D_INPUT
